<?xml version="1.0" encoding="UTF-8"?>
<!-- Generated by org.testng.reporters.JUnitReportReporter -->
<testsuite hostname="LAPTOP-8T1NEQUC" failures="0" tests="9" name="SeleniumTestng.testcase2" time="39.973" errors="0" timestamp="2022-09-20T11:27:22 IST" skipped="0">
  <testcase classname="SeleniumTestng.testcase2" name="TC_004" time="5.245"/>
  <system-out/>
  <testcase classname="SeleniumTestng.testcase2" name="TC_001" time="2.332"/>
  <system-out/>
  <testcase classname="SeleniumTestng.testcase2" name="TC_006" time="5.335"/>
  <system-out/>
  <testcase classname="SeleniumTestng.testcase2" name="TC_008" time="0.013"/>
  <system-out/>
  <testcase classname="SeleniumTestng.testcase2" name="TC_002" time="5.214"/>
  <system-out/>
  <testcase classname="SeleniumTestng.testcase2" name="TC_005" time="5.305"/>
  <system-out/>
  <testcase classname="SeleniumTestng.testcase2" name="TC_009" time="5.914"/>
  <system-out/>
  <testcase classname="SeleniumTestng.testcase2" name="TC_003" time="5.178"/>
  <system-out/>
  <testcase classname="SeleniumTestng.testcase2" name="TC_007" time="5.437"/>
  <system-out/>
</testsuite> <!-- SeleniumTestng.testcase2 -->
