<?xml version="1.0" encoding="UTF-8"?>
<!-- Generated by org.testng.reporters.JUnitReportReporter -->
<testsuite hostname="LAPTOP-8T1NEQUC" failures="0" tests="9" name="SeleniumTestng.testcase" time="42.767" errors="0" timestamp="2022-09-20T11:08:40 IST" skipped="0">
  <testcase classname="SeleniumTestng.testcase" name="TC_003" time="5.124"/>
  <system-out/>
  <testcase classname="SeleniumTestng.testcase" name="TC_008" time="0.023"/>
  <system-out/>
  <testcase classname="SeleniumTestng.testcase" name="TC_006" time="5.340"/>
  <system-out/>
  <testcase classname="SeleniumTestng.testcase" name="TC_009" time="6.900"/>
  <system-out/>
  <testcase classname="SeleniumTestng.testcase" name="TC_004" time="5.169"/>
  <system-out/>
  <testcase classname="SeleniumTestng.testcase" name="TC_007" time="5.333"/>
  <system-out/>
  <testcase classname="SeleniumTestng.testcase" name="TC_001" time="4.447"/>
  <system-out/>
  <testcase classname="SeleniumTestng.testcase" name="TC_005" time="5.239"/>
  <system-out/>
  <testcase classname="SeleniumTestng.testcase" name="TC_002" time="5.192"/>
  <system-out/>
</testsuite> <!-- SeleniumTestng.testcase -->
