<?xml version="1.0" encoding="UTF-8"?>
<!-- Generated by org.testng.reporters.JUnitReportReporter -->
<testsuite hostname="LAPTOP-8T1NEQUC" failures="0" tests="9" name="SeleniumTestng.testcase2" time="38.224" errors="0" timestamp="2022-09-20T13:38:12 IST" skipped="0">
  <testcase classname="SeleniumTestng.testcase2" name="TC_003" time="5.109"/>
  <system-out/>
  <testcase classname="SeleniumTestng.testcase2" name="TC_006" time="5.209"/>
  <system-out/>
  <testcase classname="SeleniumTestng.testcase2" name="TC_001" time="1.318"/>
  <system-out/>
  <testcase classname="SeleniumTestng.testcase2" name="TC_005" time="5.188"/>
  <system-out/>
  <testcase classname="SeleniumTestng.testcase2" name="TC_007" time="5.280"/>
  <system-out/>
  <testcase classname="SeleniumTestng.testcase2" name="TC_002" time="5.171"/>
  <system-out/>
  <testcase classname="SeleniumTestng.testcase2" name="TC_008" time="0.012"/>
  <system-out/>
  <testcase classname="SeleniumTestng.testcase2" name="TC_009" time="5.786"/>
  <system-out/>
  <testcase classname="SeleniumTestng.testcase2" name="TC_004" time="5.151"/>
  <system-out/>
</testsuite> <!-- SeleniumTestng.testcase2 -->
